2024-04-04 13:53:32.148  INFO 10208 --- [main] com.bloducspauter.MyApp                  : Starting MyApp using Java 11.0.16.1 on DESKTOP-3R2LLBD with PID 10208 (D:\spouter\JAVA\Github\intership_from_class\springMVC_springBoot\target\classes started by BS in D:\spouter\JAVA\Github\intership_from_class\springMVC_springBoot)
2024-04-04 13:53:32.158  INFO 10208 --- [main] com.bloducspauter.MyApp                  : No active profile set, falling back to 1 default profile: "default"
2024-04-04 13:53:33.573  WARN 10208 --- [main] ConfigServletWebServerApplicationContext : Exception encountered during context initialization - cancelling refresh attempt: org.springframework.context.ApplicationContextException: Unable to start web server; nested exception is org.springframework.boot.web.context.MissingWebServerFactoryBeanException: No qualifying bean of type 'org.springframework.boot.web.servlet.server.ServletWebServerFactory' available: Unable to start AnnotationConfigServletWebServerApplicationContext due to missing ServletWebServerFactory bean
2024-04-04 13:53:33.593  INFO 10208 --- [main] ConditionEvaluationReportLoggingListener : 

Error starting ApplicationContext. To display the conditions report re-run your application with 'debug' enabled.
2024-04-04 13:53:33.628 ERROR 10208 --- [main] o.s.b.d.LoggingFailureAnalysisReporter   : 

***************************
APPLICATION FAILED TO START
***************************

Description:

Web application could not be started as there was no org.springframework.boot.web.servlet.server.ServletWebServerFactory bean defined in the context.

Action:

Check your application's dependencies for a supported servlet web server.
Check the configured web application type.

2024-04-04 13:54:56.271  INFO 15912 --- [main] com.bloducspauter.MyApp                  : Starting MyApp using Java 11.0.16.1 on DESKTOP-3R2LLBD with PID 15912 (D:\spouter\JAVA\Github\intership_from_class\springMVC_springBoot\target\classes started by BS in D:\spouter\JAVA\Github\intership_from_class\springMVC_springBoot)
2024-04-04 13:54:56.277  INFO 15912 --- [main] com.bloducspauter.MyApp                  : No active profile set, falling back to 1 default profile: "default"
2024-04-04 13:54:57.130  WARN 15912 --- [main] ConfigServletWebServerApplicationContext : Exception encountered during context initialization - cancelling refresh attempt: org.springframework.context.ApplicationContextException: Unable to start web server; nested exception is org.springframework.boot.web.context.MissingWebServerFactoryBeanException: No qualifying bean of type 'org.springframework.boot.web.servlet.server.ServletWebServerFactory' available: Unable to start AnnotationConfigServletWebServerApplicationContext due to missing ServletWebServerFactory bean
2024-04-04 13:54:57.140  INFO 15912 --- [main] ConditionEvaluationReportLoggingListener : 

Error starting ApplicationContext. To display the conditions report re-run your application with 'debug' enabled.
2024-04-04 13:54:57.162 ERROR 15912 --- [main] o.s.b.d.LoggingFailureAnalysisReporter   : 

***************************
APPLICATION FAILED TO START
***************************

Description:

Web application could not be started as there was no org.springframework.boot.web.servlet.server.ServletWebServerFactory bean defined in the context.

Action:

Check your application's dependencies for a supported servlet web server.
Check the configured web application type.

2024-04-04 13:56:37.162  INFO 3088 --- [main] com.bloducspauter.MyApp                  : Starting MyApp using Java 11.0.16.1 on DESKTOP-3R2LLBD with PID 3088 (D:\spouter\JAVA\Github\intership_from_class\springMVC_springBoot\target\classes started by BS in D:\spouter\JAVA\Github\intership_from_class\springMVC_springBoot)
2024-04-04 13:56:37.166  INFO 3088 --- [main] com.bloducspauter.MyApp                  : No active profile set, falling back to 1 default profile: "default"
2024-04-04 13:56:38.301  INFO 3088 --- [main] o.s.b.w.embedded.tomcat.TomcatWebServer  : Tomcat initialized with port(s): 1234 (http)
2024-04-04 13:56:38.314  INFO 3088 --- [main] o.apache.catalina.core.StandardService   : Starting service [Tomcat]
2024-04-04 13:56:38.315  INFO 3088 --- [main] org.apache.catalina.core.StandardEngine  : Starting Servlet engine: [Apache Tomcat/9.0.80]
2024-04-04 13:56:38.443  INFO 3088 --- [main] o.a.c.c.C.[Tomcat].[localhost].[/]       : Initializing Spring embedded WebApplicationContext
2024-04-04 13:56:38.444  INFO 3088 --- [main] w.s.c.ServletWebServerApplicationContext : Root WebApplicationContext: initialization completed in 1207 ms
2024-04-04 13:56:38.807  INFO 3088 --- [main] o.s.b.w.embedded.tomcat.TomcatWebServer  : Tomcat started on port(s): 1234 (http) with context path ''
2024-04-04 13:56:38.823  INFO 3088 --- [main] com.bloducspauter.MyApp                  : Started MyApp in 2.497 seconds (JVM running for 3.82)
2024-04-04 13:56:55.682  INFO 3088 --- [http-nio-1234-exec-1] o.a.c.c.C.[Tomcat].[localhost].[/]       : Initializing Spring DispatcherServlet 'dispatcherServlet'
2024-04-04 13:56:55.685  INFO 3088 --- [http-nio-1234-exec-1] o.s.web.servlet.DispatcherServlet        : Initializing Servlet 'dispatcherServlet'
2024-04-04 13:56:55.685  INFO 3088 --- [http-nio-1234-exec-1] o.s.web.servlet.DispatcherServlet        : Completed initialization in 0 ms
2024-04-04 13:58:11.234  INFO 16212 --- [main] com.bloducspauter.MyApp                  : Starting MyApp using Java 11.0.16.1 on DESKTOP-3R2LLBD with PID 16212 (D:\spouter\JAVA\Github\intership_from_class\springMVC_springBoot\target\classes started by BS in D:\spouter\JAVA\Github\intership_from_class\springMVC_springBoot)
2024-04-04 13:58:11.238  INFO 16212 --- [main] com.bloducspauter.MyApp                  : No active profile set, falling back to 1 default profile: "default"
2024-04-04 13:58:12.530  INFO 16212 --- [main] o.s.b.w.embedded.tomcat.TomcatWebServer  : Tomcat initialized with port(s): 1234 (http)
2024-04-04 13:58:12.542  INFO 16212 --- [main] o.apache.catalina.core.StandardService   : Starting service [Tomcat]
2024-04-04 13:58:12.544  INFO 16212 --- [main] org.apache.catalina.core.StandardEngine  : Starting Servlet engine: [Apache Tomcat/9.0.80]
2024-04-04 13:58:12.677  INFO 16212 --- [main] o.a.c.c.C.[Tomcat].[localhost].[/]       : Initializing Spring embedded WebApplicationContext
2024-04-04 13:58:12.677  INFO 16212 --- [main] w.s.c.ServletWebServerApplicationContext : Root WebApplicationContext: initialization completed in 1368 ms
2024-04-04 13:58:13.030  INFO 16212 --- [main] o.s.b.w.embedded.tomcat.TomcatWebServer  : Tomcat started on port(s): 1234 (http) with context path ''
2024-04-04 13:58:13.041  INFO 16212 --- [main] com.bloducspauter.MyApp                  : Started MyApp in 2.711 seconds (JVM running for 4.345)
2024-04-04 13:58:21.269  INFO 16212 --- [http-nio-1234-exec-1] o.a.c.c.C.[Tomcat].[localhost].[/]       : Initializing Spring DispatcherServlet 'dispatcherServlet'
2024-04-04 13:58:21.271  INFO 16212 --- [http-nio-1234-exec-1] o.s.web.servlet.DispatcherServlet        : Initializing Servlet 'dispatcherServlet'
2024-04-04 13:58:21.272  INFO 16212 --- [http-nio-1234-exec-1] o.s.web.servlet.DispatcherServlet        : Completed initialization in 1 ms
2024-04-04 15:25:43.922  INFO 20144 --- [main] com.bloducspauter.MyApp                  : Starting MyApp using Java 11.0.16.1 on DESKTOP-3R2LLBD with PID 20144 (D:\spouter\JAVA\Github\intership_from_class\springMVC_springBoot\target\classes started by BS in D:\spouter\JAVA\Github\intership_from_class\springMVC_springBoot)
2024-04-04 15:25:43.928  INFO 20144 --- [main] com.bloducspauter.MyApp                  : No active profile set, falling back to 1 default profile: "default"
2024-04-04 15:25:45.802  INFO 20144 --- [main] o.s.b.w.embedded.tomcat.TomcatWebServer  : Tomcat initialized with port(s): 1234 (http)
2024-04-04 15:25:45.816  INFO 20144 --- [main] o.apache.catalina.core.StandardService   : Starting service [Tomcat]
2024-04-04 15:25:45.817  INFO 20144 --- [main] org.apache.catalina.core.StandardEngine  : Starting Servlet engine: [Apache Tomcat/9.0.80]
2024-04-04 15:25:46.015  INFO 20144 --- [main] o.a.c.c.C.[Tomcat].[localhost].[/]       : Initializing Spring embedded WebApplicationContext
2024-04-04 15:25:46.016  INFO 20144 --- [main] w.s.c.ServletWebServerApplicationContext : Root WebApplicationContext: initialization completed in 2015 ms
2024-04-04 15:25:46.099  WARN 20144 --- [main] ConfigServletWebServerApplicationContext : Exception encountered during context initialization - cancelling refresh attempt: org.springframework.beans.factory.BeanCreationException: Error creating bean with name 'filePathUtil': Injection of autowired dependencies failed; nested exception is java.lang.IllegalArgumentException: Could not resolve placeholder 'upload.root.dir' in value "${upload.root.dir}"
2024-04-04 15:25:46.103  INFO 20144 --- [main] o.apache.catalina.core.StandardService   : Stopping service [Tomcat]
2024-04-04 15:25:46.119  INFO 20144 --- [main] ConditionEvaluationReportLoggingListener : 

Error starting ApplicationContext. To display the conditions report re-run your application with 'debug' enabled.
2024-04-04 15:25:46.154 ERROR 20144 --- [main] o.s.boot.SpringApplication               : Application run failed

org.springframework.beans.factory.BeanCreationException: Error creating bean with name 'filePathUtil': Injection of autowired dependencies failed; nested exception is java.lang.IllegalArgumentException: Could not resolve placeholder 'upload.root.dir' in value "${upload.root.dir}"
	at org.springframework.beans.factory.annotation.AutowiredAnnotationBeanPostProcessor.postProcessProperties(AutowiredAnnotationBeanPostProcessor.java:414) ~[spring-beans-5.3.30.jar:5.3.30]
	at org.springframework.beans.factory.support.AbstractAutowireCapableBeanFactory.populateBean(AbstractAutowireCapableBeanFactory.java:1431) ~[spring-beans-5.3.30.jar:5.3.30]
	at org.springframework.beans.factory.support.AbstractAutowireCapableBeanFactory.doCreateBean(AbstractAutowireCapableBeanFactory.java:619) ~[spring-beans-5.3.30.jar:5.3.30]
	at org.springframework.beans.factory.support.AbstractAutowireCapableBeanFactory.createBean(AbstractAutowireCapableBeanFactory.java:542) ~[spring-beans-5.3.30.jar:5.3.30]
	at org.springframework.beans.factory.support.AbstractBeanFactory.lambda$doGetBean$0(AbstractBeanFactory.java:335) ~[spring-beans-5.3.30.jar:5.3.30]
	at org.springframework.beans.factory.support.DefaultSingletonBeanRegistry.getSingleton(DefaultSingletonBeanRegistry.java:234) ~[spring-beans-5.3.30.jar:5.3.30]
	at org.springframework.beans.factory.support.AbstractBeanFactory.doGetBean(AbstractBeanFactory.java:333) ~[spring-beans-5.3.30.jar:5.3.30]
	at org.springframework.beans.factory.support.AbstractBeanFactory.getBean(AbstractBeanFactory.java:208) ~[spring-beans-5.3.30.jar:5.3.30]
	at org.springframework.beans.factory.support.DefaultListableBeanFactory.preInstantiateSingletons(DefaultListableBeanFactory.java:955) ~[spring-beans-5.3.30.jar:5.3.30]
	at org.springframework.context.support.AbstractApplicationContext.finishBeanFactoryInitialization(AbstractApplicationContext.java:921) ~[spring-context-5.3.30.jar:5.3.30]
	at org.springframework.context.support.AbstractApplicationContext.refresh(AbstractApplicationContext.java:583) ~[spring-context-5.3.30.jar:5.3.30]
	at org.springframework.boot.web.servlet.context.ServletWebServerApplicationContext.refresh(ServletWebServerApplicationContext.java:147) ~[spring-boot-2.7.16.jar:2.7.16]
	at org.springframework.boot.SpringApplication.refresh(SpringApplication.java:731) ~[spring-boot-2.7.16.jar:2.7.16]
	at org.springframework.boot.SpringApplication.refreshContext(SpringApplication.java:408) ~[spring-boot-2.7.16.jar:2.7.16]
	at org.springframework.boot.SpringApplication.run(SpringApplication.java:307) ~[spring-boot-2.7.16.jar:2.7.16]
	at com.bloducspauter.MyApp.main(MyApp.java:13) ~[classes/:na]
Caused by: java.lang.IllegalArgumentException: Could not resolve placeholder 'upload.root.dir' in value "${upload.root.dir}"
	at org.springframework.util.PropertyPlaceholderHelper.parseStringValue(PropertyPlaceholderHelper.java:180) ~[spring-core-5.3.30.jar:5.3.30]
	at org.springframework.util.PropertyPlaceholderHelper.replacePlaceholders(PropertyPlaceholderHelper.java:126) ~[spring-core-5.3.30.jar:5.3.30]
	at org.springframework.core.env.AbstractPropertyResolver.doResolvePlaceholders(AbstractPropertyResolver.java:239) ~[spring-core-5.3.30.jar:5.3.30]
	at org.springframework.core.env.AbstractPropertyResolver.resolveRequiredPlaceholders(AbstractPropertyResolver.java:210) ~[spring-core-5.3.30.jar:5.3.30]
	at org.springframework.context.support.PropertySourcesPlaceholderConfigurer.lambda$processProperties$0(PropertySourcesPlaceholderConfigurer.java:191) ~[spring-context-5.3.30.jar:5.3.30]
	at org.springframework.beans.factory.support.AbstractBeanFactory.resolveEmbeddedValue(AbstractBeanFactory.java:936) ~[spring-beans-5.3.30.jar:5.3.30]
	at org.springframework.beans.factory.support.DefaultListableBeanFactory.doResolveDependency(DefaultListableBeanFactory.java:1332) ~[spring-beans-5.3.30.jar:5.3.30]
	at org.springframework.beans.factory.support.DefaultListableBeanFactory.resolveDependency(DefaultListableBeanFactory.java:1311) ~[spring-beans-5.3.30.jar:5.3.30]
	at org.springframework.beans.factory.annotation.AutowiredAnnotationBeanPostProcessor$AutowiredFieldElement.resolveFieldValue(AutowiredAnnotationBeanPostProcessor.java:710) ~[spring-beans-5.3.30.jar:5.3.30]
	at org.springframework.beans.factory.annotation.AutowiredAnnotationBeanPostProcessor$AutowiredFieldElement.inject(AutowiredAnnotationBeanPostProcessor.java:693) ~[spring-beans-5.3.30.jar:5.3.30]
	at org.springframework.beans.factory.annotation.InjectionMetadata.inject(InjectionMetadata.java:119) ~[spring-beans-5.3.30.jar:5.3.30]
	at org.springframework.beans.factory.annotation.AutowiredAnnotationBeanPostProcessor.postProcessProperties(AutowiredAnnotationBeanPostProcessor.java:408) ~[spring-beans-5.3.30.jar:5.3.30]
	... 15 common frames omitted

